[debug] [2018-10-28T09:31:50.063Z] ----------------------------------------------------------------------
[debug] [2018-10-28T09:31:50.065Z] Command:       C:\Program Files\nodejs\node.exe C:\Users\STD\AppData\Roaming\npm\node_modules\firebase-tools\bin\firebase serve
[debug] [2018-10-28T09:31:50.065Z] CLI Version:   4.2.1
[debug] [2018-10-28T09:31:50.065Z] Platform:      win32
[debug] [2018-10-28T09:31:50.065Z] Node Version:  v8.11.3
[debug] [2018-10-28T09:31:50.066Z] Time:          Sun Oct 28 2018 16:31:50 GMT+0700 (SE Asia Standard Time)
[debug] [2018-10-28T09:31:50.066Z] ----------------------------------------------------------------------
[debug] 
[debug] [2018-10-28T09:31:50.076Z] > command requires scopes: ["email","openid","https://www.googleapis.com/auth/cloudplatformprojects.readonly","https://www.googleapis.com/auth/firebase","https://www.googleapis.com/auth/cloud-platform"]
[debug] [2018-10-28T09:31:50.076Z] > authorizing via signed-in user
[debug] [2018-10-28T09:31:50.078Z] >>> HTTP REQUEST GET https://admin.firebase.com/v1/projects/shopee-abf6a  
 
[debug] [2018-10-28T09:31:51.233Z] <<< HTTP RESPONSE 200
[debug] [2018-10-28T09:31:51.234Z] >>> HTTP REQUEST GET https://cloudresourcemanager.googleapis.com/v1/projects/shopee-abf6a  
 
[debug] [2018-10-28T09:31:52.615Z] <<< HTTP RESPONSE 200
[info] 
[info] === Serving from 'D:\977-341\mobilequiz1'...
[info] 
[debug] [2018-10-28T09:31:52.616Z] >>> HTTP REQUEST GET https://mobilesdk-pa.googleapis.com/v1/projects/568777659210/clients/_:getWebAppConfig  
 
[debug] [2018-10-28T09:31:53.183Z] <<< HTTP RESPONSE 200
[info] i  hosting[shopee-abf6a]: Serving hosting files from: public
[info] +  hosting[shopee-abf6a]: Local server: http://localhost:5000
